# JRE version: OpenJDK Runtime Environment Temurin-21.0.9+10 (21.0.9+10) (build 21.0.9+10-LTS)
# Java VM: OpenJDK 64-Bit Server VM Temurin-21.0.9+10 (21.0.9+10-LTS, mixed mode, sharing, tiered, compressed oops, compressed class ptrs, parallel gc, windows-amd64)
GC Precious Log:
 CardTable entry size: 512
 CPUs: 12 total, 12 available
 Memory: 12069M
 Large Page Support: Disabled
 NUMA Support: Disabled
 Compressed Oops: Enabled (32-bit)
 Alignments: Space 512K, Generation 512K, Heap 2M
 Heap Min Capacity: 100M
 Heap Initial Capacity: 100M
 Heap Max Capacity: 2G
 Pre-touch: Disabled
 Parallel Workers: 10
Heap:
 PSYoungGen      total 18432K, used 3778K [0x00000000d5580000, 0x00000000d7680000, 0x0000000100000000)
  eden space 15872K, 10% used [0x00000000d5580000,0x00000000d5718a80,0x00000000d6500000)
  from space 2560K, 83% used [0x00000000d6600000,0x00000000d6818000,0x00000000d6880000)
  to   space 7168K, 0% used [0x00000000d6f80000,0x00000000d6f80000,0x00000000d7680000)
 ParOldGen       total 1377280K, used 1376780K [0x0000000080000000, 0x00000000d4100000, 0x00000000d5580000)
  object space 1377280K, 99% used [0x0000000080000000,0x00000000d4083368,0x00000000d4100000)
 Metaspace       used 83790K, committed 85568K, reserved 1179648K
  class space    used 8412K, committed 9280K, reserved 1048576K
GC Heap History (20 events):
Event: 728.971 GC heap before
{Heap before GC invocations=2860 (full 4):
 PSYoungGen      total 38400K, used 25418K [0x00000000d5580000, 0x00000000d8580000, 0x0000000100000000)
  eden space 30720K, 71% used [0x00000000d5580000,0x00000000d6b0eb38,0x00000000d7380000)
  from space 7680K, 43% used [0x00000000d7900000,0x00000000d7c43fc0,0x00000000d8080000)
  to   space 4096K, 0% used [0x00000000d8180000,0x00000000d8180000,0x00000000d8580000)
 ParOldGen       total 1377280K, used 1258015K [0x0000000080000000, 0x00000000d4100000, 0x00000000d5580000)
  object space 1377280K, 91% used [0x0000000080000000,0x00000000ccc87cd8,0x00000000d4100000)
 Metaspace       used 83670K, committed 85376K, reserved 1179648K
  class space    used 8411K, committed 9216K, reserved 1048576K
}
Event: 729.025 GC heap after
{Heap after GC invocations=2860 (full 4):
 PSYoungGen      total 30720K, used 448K [0x00000000d5580000, 0x00000000d8200000, 0x0000000100000000)
  eden space 30208K, 0% used [0x00000000d5580000,0x00000000d5580000,0x00000000d7300000)
  from space 512K, 87% used [0x00000000d8180000,0x00000000d81f0020,0x00000000d8200000)
  to   space 2048K, 0% used [0x00000000d7e00000,0x00000000d7e00000,0x00000000d8000000)
 ParOldGen       total 1377280K, used 1265863K [0x0000000080000000, 0x00000000d4100000, 0x00000000d5580000)
  object space 1377280K, 91% used [0x0000000080000000,0x00000000cd431ce8,0x00000000d4100000)
 Metaspace       used 83670K, committed 85376K, reserved 1179648K
  class space    used 8411K, committed 9216K, reserved 1048576K
}
Event: 777.620 GC heap before
{Heap before GC invocations=2861 (full 4):
 PSYoungGen      total 30720K, used 30656K [0x00000000d5580000, 0x00000000d8200000, 0x0000000100000000)
  eden space 30208K, 100% used [0x00000000d5580000,0x00000000d7300000,0x00000000d7300000)
  from space 512K, 87% used [0x00000000d8180000,0x00000000d81f0020,0x00000000d8200000)
  to   space 2048K, 0% used [0x00000000d7e00000,0x00000000d7e00000,0x00000000d8000000)
 ParOldGen       total 1377280K, used 1265863K [0x0000000080000000, 0x00000000d4100000, 0x00000000d5580000)
  object space 1377280K, 91% used [0x0000000080000000,0x00000000cd431ce8,0x00000000d4100000)
 Metaspace       used 83676K, committed 85376K, reserved 1179648K
  class space    used 8411K, committed 9216K, reserved 1048576K
}
Event: 777.630 GC heap after
{Heap after GC invocations=2861 (full 4):
 PSYoungGen      total 31744K, used 2023K [0x00000000d5580000, 0x00000000d8200000, 0x0000000100000000)
  eden space 29696K, 0% used [0x00000000d5580000,0x00000000d5580000,0x00000000d7280000)
  from space 2048K, 98% used [0x00000000d7e00000,0x00000000d7ff9f20,0x00000000d8000000)
  to   space 2048K, 0% used [0x00000000d8000000,0x00000000d8000000,0x00000000d8200000)
 ParOldGen       total 1377280K, used 1266639K [0x0000000080000000, 0x00000000d4100000, 0x00000000d5580000)
  object space 1377280K, 91% used [0x0000000080000000,0x00000000cd4f3d18,0x00000000d4100000)
 Metaspace       used 83676K, committed 85376K, reserved 1179648K
  class space    used 8411K, committed 9216K, reserved 1048576K
}
Event: 777.805 GC heap before
{Heap before GC invocations=2862 (full 4):
 PSYoungGen      total 31744K, used 31719K [0x00000000d5580000, 0x00000000d8200000, 0x0000000100000000)
  eden space 29696K, 100% used [0x00000000d5580000,0x00000000d7280000,0x00000000d7280000)
  from space 2048K, 98% used [0x00000000d7e00000,0x00000000d7ff9f20,0x00000000d8000000)
  to   space 2048K, 0% used [0x00000000d8000000,0x00000000d8000000,0x00000000d8200000)
 ParOldGen       total 1377280K, used 1266639K [0x0000000080000000, 0x00000000d4100000, 0x00000000d5580000)
  object space 1377280K, 91% used [0x0000000080000000,0x00000000cd4f3d18,0x00000000d4100000)
 Metaspace       used 83679K, committed 85376K, reserved 1179648K
  class space    used 8411K, committed 9216K, reserved 1048576K
}
Event: 777.900 GC heap after
{Heap after GC invocations=2862 (full 4):
 PSYoungGen      total 17920K, used 2044K [0x00000000d5580000, 0x00000000da800000, 0x0000000100000000)
  eden space 15872K, 0% used [0x00000000d5580000,0x00000000d5580000,0x00000000d6500000)
  from space 2048K, 99% used [0x00000000d8000000,0x00000000d81ff210,0x00000000d8200000)
  to   space 27648K, 0% used [0x00000000d6500000,0x00000000d6500000,0x00000000d8000000)
 ParOldGen       total 1377280K, used 1288273K [0x0000000080000000, 0x00000000d4100000, 0x00000000d5580000)
  object space 1377280K, 93% used [0x0000000080000000,0x00000000cea14438,0x00000000d4100000)
 Metaspace       used 83679K, committed 85376K, reserved 1179648K
  class space    used 8411K, committed 9216K, reserved 1048576K
}
Event: 778.119 GC heap before
{Heap before GC invocations=2863 (full 4):
 PSYoungGen      total 17920K, used 17916K [0x00000000d5580000, 0x00000000da800000, 0x0000000100000000)
  eden space 15872K, 100% used [0x00000000d5580000,0x00000000d6500000,0x00000000d6500000)
  from space 2048K, 99% used [0x00000000d8000000,0x00000000d81ff210,0x00000000d8200000)
  to   space 27648K, 0% used [0x00000000d6500000,0x00000000d6500000,0x00000000d8000000)
 ParOldGen       total 1377280K, used 1288273K [0x0000000080000000, 0x00000000d4100000, 0x00000000d5580000)
  object space 1377280K, 93% used [0x0000000080000000,0x00000000cea14438,0x00000000d4100000)
 Metaspace       used 83679K, committed 85376K, reserved 1179648K
  class space    used 8411K, committed 9216K, reserved 1048576K
}
Event: 778.132 GC heap after
{Heap after GC invocations=2863 (full 4):
 PSYoungGen      total 25088K, used 8777K [0x00000000d5580000, 0x00000000d8100000, 0x0000000100000000)
  eden space 15872K, 0% used [0x00000000d5580000,0x00000000d5580000,0x00000000d6500000)
  from space 9216K, 95% used [0x00000000d6500000,0x00000000d6d926f8,0x00000000d6e00000)
  to   space 14336K, 0% used [0x00000000d7300000,0x00000000d7300000,0x00000000d8100000)
 ParOldGen       total 1377280K, used 1290327K [0x0000000080000000, 0x00000000d4100000, 0x00000000d5580000)
  object space 1377280K, 93% used [0x0000000080000000,0x00000000cec15f50,0x00000000d4100000)
 Metaspace       used 83679K, committed 85376K, reserved 1179648K
  class space    used 8411K, committed 9216K, reserved 1048576K
}
Event: 778.758 GC heap before
{Heap before GC invocations=2864 (full 4):
 PSYoungGen      total 25088K, used 24649K [0x00000000d5580000, 0x00000000d8100000, 0x0000000100000000)
  eden space 15872K, 100% used [0x00000000d5580000,0x00000000d6500000,0x00000000d6500000)
  from space 9216K, 95% used [0x00000000d6500000,0x00000000d6d926f8,0x00000000d6e00000)
  to   space 14336K, 0% used [0x00000000d7300000,0x00000000d7300000,0x00000000d8100000)
 ParOldGen       total 1377280K, used 1313367K [0x0000000080000000, 0x00000000d4100000, 0x00000000d5580000)
  object space 1377280K, 95% used [0x0000000080000000,0x00000000d0295f70,0x00000000d4100000)
 Metaspace       used 83693K, committed 85376K, reserved 1179648K
  class space    used 8411K, committed 9216K, reserved 1048576K
}
Event: 778.816 GC heap after
{Heap after GC invocations=2864 (full 4):
 PSYoungGen      total 18944K, used 2816K [0x00000000d5580000, 0x00000000d7600000, 0x0000000100000000)
  eden space 15872K, 0% used [0x00000000d5580000,0x00000000d5580000,0x00000000d6500000)
  from space 3072K, 91% used [0x00000000d7300000,0x00000000d75c0000,0x00000000d7600000)
  to   space 6144K, 0% used [0x00000000d6a00000,0x00000000d6a00000,0x00000000d7000000)
 ParOldGen       total 1377280K, used 1321933K [0x0000000080000000, 0x00000000d4100000, 0x00000000d5580000)
  object space 1377280K, 95% used [0x0000000080000000,0x00000000d0af3688,0x00000000d4100000)
 Metaspace       used 83693K, committed 85376K, reserved 1179648K
  class space    used 8411K, committed 9216K, reserved 1048576K
}
Event: 781.168 GC heap before
{Heap before GC invocations=2865 (full 4):
 PSYoungGen      total 18944K, used 18688K [0x00000000d5580000, 0x00000000d7600000, 0x0000000100000000)
  eden space 15872K, 100% used [0x00000000d5580000,0x00000000d6500000,0x00000000d6500000)
  from space 3072K, 91% used [0x00000000d7300000,0x00000000d75c0000,0x00000000d7600000)
  to   space 6144K, 0% used [0x00000000d6a00000,0x00000000d6a00000,0x00000000d7000000)
 ParOldGen       total 1377280K, used 1321933K [0x0000000080000000, 0x00000000d4100000, 0x00000000d5580000)
  object space 1377280K, 95% used [0x0000000080000000,0x00000000d0af3688,0x00000000d4100000)
 Metaspace       used 83711K, committed 85376K, reserved 1179648K
  class space    used 8411K, committed 9216K, reserved 1048576K
}
Event: 781.184 GC heap after
{Heap after GC invocations=2865 (full 4):
 PSYoungGen      total 22016K, used 730K [0x00000000d5580000, 0x00000000d7380000, 0x0000000100000000)
  eden space 15872K, 0% used [0x00000000d5580000,0x00000000d5580000,0x00000000d6500000)
  from space 6144K, 11% used [0x00000000d6a00000,0x00000000d6ab6900,0x00000000d7000000)
  to   space 2048K, 0% used [0x00000000d7180000,0x00000000d7180000,0x00000000d7380000)
 ParOldGen       total 1377280K, used 1324583K [0x0000000080000000, 0x00000000d4100000, 0x00000000d5580000)
  object space 1377280K, 96% used [0x0000000080000000,0x00000000d0d89e90,0x00000000d4100000)
 Metaspace       used 83711K, committed 85376K, reserved 1179648K
  class space    used 8411K, committed 9216K, reserved 1048576K
}
Event: 9166.082 GC heap before
{Heap before GC invocations=2866 (full 4):
 PSYoungGen      total 22016K, used 16602K [0x00000000d5580000, 0x00000000d7380000, 0x0000000100000000)
  eden space 15872K, 100% used [0x00000000d5580000,0x00000000d6500000,0x00000000d6500000)
  from space 6144K, 11% used [0x00000000d6a00000,0x00000000d6ab6900,0x00000000d7000000)
  to   space 2048K, 0% used [0x00000000d7180000,0x00000000d7180000,0x00000000d7380000)
 ParOldGen       total 1377280K, used 1324583K [0x0000000080000000, 0x00000000d4100000, 0x00000000d5580000)
  object space 1377280K, 96% used [0x0000000080000000,0x00000000d0d89e90,0x00000000d4100000)
 Metaspace       used 83720K, committed 85504K, reserved 1179648K
  class space    used 8411K, committed 9216K, reserved 1048576K
}
Event: 9166.643 GC heap after
{Heap after GC invocations=2866 (full 4):
 PSYoungGen      total 17920K, used 2023K [0x00000000d5580000, 0x00000000d7380000, 0x0000000100000000)
  eden space 15872K, 0% used [0x00000000d5580000,0x00000000d5580000,0x00000000d6500000)
  from space 2048K, 98% used [0x00000000d7180000,0x00000000d7379f00,0x00000000d7380000)
  to   space 7168K, 0% used [0x00000000d6580000,0x00000000d6580000,0x00000000d6c80000)
 ParOldGen       total 1377280K, used 1328649K [0x0000000080000000, 0x00000000d4100000, 0x00000000d5580000)
  object space 1377280K, 96% used [0x0000000080000000,0x00000000d11826e8,0x00000000d4100000)
 Metaspace       used 83720K, committed 85504K, reserved 1179648K
  class space    used 8411K, committed 9216K, reserved 1048576K
}
Event: 9167.339 GC heap before
{Heap before GC invocations=2867 (full 4):
 PSYoungGen      total 17920K, used 16811K [0x00000000d5580000, 0x00000000d7380000, 0x0000000100000000)
  eden space 15872K, 93% used [0x00000000d5580000,0x00000000d63f0e58,0x00000000d6500000)
  from space 2048K, 98% used [0x00000000d7180000,0x00000000d7379f00,0x00000000d7380000)
  to   space 7168K, 0% used [0x00000000d6580000,0x00000000d6580000,0x00000000d6c80000)
 ParOldGen       total 1377280K, used 1328649K [0x0000000080000000, 0x00000000d4100000, 0x00000000d5580000)
  object space 1377280K, 96% used [0x0000000080000000,0x00000000d11826e8,0x00000000d4100000)
 Metaspace       used 83728K, committed 85504K, reserved 1179648K
  class space    used 8411K, committed 9216K, reserved 1048576K
}
Event: 9167.426 GC heap after
{Heap after GC invocations=2867 (full 4):
 PSYoungGen      total 23040K, used 7152K [0x00000000d5580000, 0x00000000d8700000, 0x0000000100000000)
  eden space 15872K, 0% used [0x00000000d5580000,0x00000000d5580000,0x00000000d6500000)
  from space 7168K, 99% used [0x00000000d6580000,0x00000000d6c7c010,0x00000000d6c80000)
  to   space 17408K, 0% used [0x00000000d7600000,0x00000000d7600000,0x00000000d8700000)
 ParOldGen       total 1377280K, used 1336801K [0x0000000080000000, 0x00000000d4100000, 0x00000000d5580000)
  object space 1377280K, 97% used [0x0000000080000000,0x00000000d19784f8,0x00000000d4100000)
 Metaspace       used 83728K, committed 85504K, reserved 1179648K
  class space    used 8411K, committed 9216K, reserved 1048576K
}
Event: 9167.867 GC heap before
{Heap before GC invocations=2868 (full 4):
 PSYoungGen      total 23040K, used 23024K [0x00000000d5580000, 0x00000000d8700000, 0x0000000100000000)
  eden space 15872K, 100% used [0x00000000d5580000,0x00000000d6500000,0x00000000d6500000)
  from space 7168K, 99% used [0x00000000d6580000,0x00000000d6c7c010,0x00000000d6c80000)
  to   space 17408K, 0% used [0x00000000d7600000,0x00000000d7600000,0x00000000d8700000)
 ParOldGen       total 1377280K, used 1336801K [0x0000000080000000, 0x00000000d4100000, 0x00000000d5580000)
  object space 1377280K, 97% used [0x0000000080000000,0x00000000d19784f8,0x00000000d4100000)
 Metaspace       used 83731K, committed 85504K, reserved 1179648K
  class space    used 8411K, committed 9216K, reserved 1048576K
}
Event: 9167.930 GC heap after
{Heap after GC invocations=2868 (full 4):
 PSYoungGen      total 31232K, used 15293K [0x00000000d5580000, 0x00000000d8500000, 0x0000000100000000)
  eden space 15872K, 0% used [0x00000000d5580000,0x00000000d5580000,0x00000000d6500000)
  from space 15360K, 99% used [0x00000000d7600000,0x00000000d84ef6e8,0x00000000d8500000)
  to   space 15872K, 0% used [0x00000000d6600000,0x00000000d6600000,0x00000000d7580000)
 ParOldGen       total 1377280K, used 1342911K [0x0000000080000000, 0x00000000d4100000, 0x00000000d5580000)
  object space 1377280K, 97% used [0x0000000080000000,0x00000000d1f6fff8,0x00000000d4100000)
 Metaspace       used 83731K, committed 85504K, reserved 1179648K
  class space    used 8411K, committed 9216K, reserved 1048576K
}
Event: 9466.152 GC heap before
{Heap before GC invocations=2869 (full 4):
 PSYoungGen      total 31232K, used 31165K [0x00000000d5580000, 0x00000000d8500000, 0x0000000100000000)
  eden space 15872K, 100% used [0x00000000d5580000,0x00000000d6500000,0x00000000d6500000)
  from space 15360K, 99% used [0x00000000d7600000,0x00000000d84ef6e8,0x00000000d8500000)
  to   space 15872K, 0% used [0x00000000d6600000,0x00000000d6600000,0x00000000d7580000)
 ParOldGen       total 1377280K, used 1365952K [0x0000000080000000, 0x00000000d4100000, 0x00000000d5580000)
  object space 1377280K, 99% used [0x0000000080000000,0x00000000d35f0018,0x00000000d4100000)
 Metaspace       used 83745K, committed 85568K, reserved 1179648K
  class space    used 8412K, committed 9280K, reserved 1048576K
}
Event: 9466.199 GC heap after
{Heap after GC invocations=2869 (full 4):
 PSYoungGen      total 18432K, used 2144K [0x00000000d5580000, 0x00000000d7680000, 0x0000000100000000)
  eden space 15872K, 0% used [0x00000000d5580000,0x00000000d5580000,0x00000000d6500000)
  from space 2560K, 83% used [0x00000000d6600000,0x00000000d6818000,0x00000000d6880000)
  to   space 7168K, 0% used [0x00000000d6f80000,0x00000000d6f80000,0x00000000d7680000)
 ParOldGen       total 1377280K, used 1376780K [0x0000000080000000, 0x00000000d4100000, 0x00000000d5580000)
  object space 1377280K, 99% used [0x0000000080000000,0x00000000d4083368,0x00000000d4100000)
 Metaspace       used 83745K, committed 85568K, reserved 1179648K
  class space    used 8412K, committed 9280K, reserved 1048576K
}

