# JRE version: OpenJDK Runtime Environment Temurin-21.0.9+10 (21.0.9+10) (build 21.0.9+10-LTS)
# Java VM: OpenJDK 64-Bit Server VM Temurin-21.0.9+10 (21.0.9+10-LTS, mixed mode, sharing, tiered, compressed oops, compressed class ptrs, parallel gc, windows-amd64)
GC Precious Log:
 CardTable entry size: 512
 CPUs: 12 total, 12 available
 Memory: 12069M
 Large Page Support: Disabled
 NUMA Support: Disabled
 Compressed Oops: Enabled (32-bit)
 Alignments: Space 512K, Generation 512K, Heap 2M
 Heap Min Capacity: 100M
 Heap Initial Capacity: 100M
 Heap Max Capacity: 2G
 Pre-touch: Disabled
 Parallel Workers: 10
Heap:
 PSYoungGen      total 3584K, used 2403K [0x00000000d5580000, 0x00000000d5a80000, 0x0000000100000000)
  eden space 3072K, 69% used [0x00000000d5580000,0x00000000d5798d00,0x00000000d5880000)
  from space 512K, 50% used [0x00000000d5980000,0x00000000d59c0000,0x00000000d5a00000)
  to   space 512K, 0% used [0x00000000d5a00000,0x00000000d5a00000,0x00000000d5a80000)
 ParOldGen       total 849920K, used 849526K [0x0000000080000000, 0x00000000b3e00000, 0x00000000d5580000)
  object space 849920K, 99% used [0x0000000080000000,0x00000000b3d9d9e8,0x00000000b3e00000)
 Metaspace       used 83399K, committed 84928K, reserved 1179648K
  class space    used 8334K, committed 9024K, reserved 1048576K
GC Heap History (20 events):
Event: 10115.269 GC heap before
{Heap before GC invocations=3159 (full 5):
 PSYoungGen      total 4096K, used 4096K [0x00000000d5580000, 0x00000000d5d80000, 0x0000000100000000)
  eden space 3072K, 100% used [0x00000000d5580000,0x00000000d5880000,0x00000000d5880000)
  from space 1024K, 100% used [0x00000000d5880000,0x00000000d5980000,0x00000000d5980000)
  to   space 2560K, 0% used [0x00000000d5b00000,0x00000000d5b00000,0x00000000d5d80000)
 ParOldGen       total 846336K, used 846256K [0x0000000080000000, 0x00000000b3a80000, 0x00000000d5580000)
  object space 846336K, 99% used [0x0000000080000000,0x00000000b3a6c1c0,0x00000000b3a80000)
 Metaspace       used 82973K, committed 84480K, reserved 1179648K
  class space    used 8299K, committed 8960K, reserved 1048576K
}
Event: 10115.274 GC heap after
{Heap after GC invocations=3159 (full 5):
 PSYoungGen      total 4096K, used 560K [0x00000000d5580000, 0x00000000d5c00000, 0x0000000100000000)
  eden space 3072K, 0% used [0x00000000d5580000,0x00000000d5580000,0x00000000d5880000)
  from space 1024K, 54% used [0x00000000d5b00000,0x00000000d5b8c010,0x00000000d5c00000)
  to   space 1536K, 0% used [0x00000000d5900000,0x00000000d5900000,0x00000000d5a80000)
 ParOldGen       total 847360K, used 847296K [0x0000000080000000, 0x00000000b3b80000, 0x00000000d5580000)
  object space 847360K, 99% used [0x0000000080000000,0x00000000b3b701d0,0x00000000b3b80000)
 Metaspace       used 82973K, committed 84480K, reserved 1179648K
  class space    used 8299K, committed 8960K, reserved 1048576K
}
Event: 10115.330 GC heap before
{Heap before GC invocations=3160 (full 5):
 PSYoungGen      total 4096K, used 3632K [0x00000000d5580000, 0x00000000d5c00000, 0x0000000100000000)
  eden space 3072K, 100% used [0x00000000d5580000,0x00000000d5880000,0x00000000d5880000)
  from space 1024K, 54% used [0x00000000d5b00000,0x00000000d5b8c010,0x00000000d5c00000)
  to   space 1536K, 0% used [0x00000000d5900000,0x00000000d5900000,0x00000000d5a80000)
 ParOldGen       total 847360K, used 847296K [0x0000000080000000, 0x00000000b3b80000, 0x00000000d5580000)
  object space 847360K, 99% used [0x0000000080000000,0x00000000b3b701d0,0x00000000b3b80000)
 Metaspace       used 82977K, committed 84480K, reserved 1179648K
  class space    used 8299K, committed 8960K, reserved 1048576K
}
Event: 10115.334 GC heap after
{Heap after GC invocations=3160 (full 5):
 PSYoungGen      total 4608K, used 352K [0x00000000d5580000, 0x00000000d5b80000, 0x0000000100000000)
  eden space 3072K, 0% used [0x00000000d5580000,0x00000000d5580000,0x00000000d5880000)
  from space 1536K, 22% used [0x00000000d5900000,0x00000000d5958000,0x00000000d5a80000)
  to   space 1024K, 0% used [0x00000000d5a80000,0x00000000d5a80000,0x00000000d5b80000)
 ParOldGen       total 847872K, used 847736K [0x0000000080000000, 0x00000000b3c00000, 0x00000000d5580000)
  object space 847872K, 99% used [0x0000000080000000,0x00000000b3bde1f0,0x00000000b3c00000)
 Metaspace       used 82977K, committed 84480K, reserved 1179648K
  class space    used 8299K, committed 8960K, reserved 1048576K
}
Event: 10115.377 GC heap before
{Heap before GC invocations=3161 (full 5):
 PSYoungGen      total 4608K, used 3424K [0x00000000d5580000, 0x00000000d5b80000, 0x0000000100000000)
  eden space 3072K, 100% used [0x00000000d5580000,0x00000000d5880000,0x00000000d5880000)
  from space 1536K, 22% used [0x00000000d5900000,0x00000000d5958000,0x00000000d5a80000)
  to   space 1024K, 0% used [0x00000000d5a80000,0x00000000d5a80000,0x00000000d5b80000)
 ParOldGen       total 847872K, used 847736K [0x0000000080000000, 0x00000000b3c00000, 0x00000000d5580000)
  object space 847872K, 99% used [0x0000000080000000,0x00000000b3bde1f0,0x00000000b3c00000)
 Metaspace       used 82978K, committed 84480K, reserved 1179648K
  class space    used 8299K, committed 8960K, reserved 1048576K
}
Event: 10115.380 GC heap after
{Heap after GC invocations=3161 (full 5):
 PSYoungGen      total 3584K, used 320K [0x00000000d5580000, 0x00000000d5b00000, 0x0000000100000000)
  eden space 3072K, 0% used [0x00000000d5580000,0x00000000d5580000,0x00000000d5880000)
  from space 512K, 62% used [0x00000000d5a80000,0x00000000d5ad0000,0x00000000d5b00000)
  to   space 512K, 0% used [0x00000000d5a00000,0x00000000d5a00000,0x00000000d5a80000)
 ParOldGen       total 848384K, used 847984K [0x0000000080000000, 0x00000000b3c80000, 0x00000000d5580000)
  object space 848384K, 99% used [0x0000000080000000,0x00000000b3c1c210,0x00000000b3c80000)
 Metaspace       used 82978K, committed 84480K, reserved 1179648K
  class space    used 8299K, committed 8960K, reserved 1048576K
}
Event: 10115.413 GC heap before
{Heap before GC invocations=3162 (full 5):
 PSYoungGen      total 3584K, used 3392K [0x00000000d5580000, 0x00000000d5b00000, 0x0000000100000000)
  eden space 3072K, 100% used [0x00000000d5580000,0x00000000d5880000,0x00000000d5880000)
  from space 512K, 62% used [0x00000000d5a80000,0x00000000d5ad0000,0x00000000d5b00000)
  to   space 512K, 0% used [0x00000000d5a00000,0x00000000d5a00000,0x00000000d5a80000)
 ParOldGen       total 848384K, used 847984K [0x0000000080000000, 0x00000000b3c80000, 0x00000000d5580000)
  object space 848384K, 99% used [0x0000000080000000,0x00000000b3c1c210,0x00000000b3c80000)
 Metaspace       used 82978K, committed 84480K, reserved 1179648K
  class space    used 8299K, committed 8960K, reserved 1048576K
}
Event: 10115.417 GC heap after
{Heap after GC invocations=3162 (full 5):
 PSYoungGen      total 3584K, used 512K [0x00000000d5580000, 0x00000000d5b00000, 0x0000000100000000)
  eden space 3072K, 0% used [0x00000000d5580000,0x00000000d5580000,0x00000000d5880000)
  from space 512K, 100% used [0x00000000d5a00000,0x00000000d5a80000,0x00000000d5a80000)
  to   space 512K, 0% used [0x00000000d5a80000,0x00000000d5a80000,0x00000000d5b00000)
 ParOldGen       total 848384K, used 848280K [0x0000000080000000, 0x00000000b3c80000, 0x00000000d5580000)
  object space 848384K, 99% used [0x0000000080000000,0x00000000b3c66250,0x00000000b3c80000)
 Metaspace       used 82978K, committed 84480K, reserved 1179648K
  class space    used 8299K, committed 8960K, reserved 1048576K
}
Event: 10295.608 GC heap before
{Heap before GC invocations=3163 (full 5):
 PSYoungGen      total 3584K, used 3584K [0x00000000d5580000, 0x00000000d5b00000, 0x0000000100000000)
  eden space 3072K, 100% used [0x00000000d5580000,0x00000000d5880000,0x00000000d5880000)
  from space 512K, 100% used [0x00000000d5a00000,0x00000000d5a80000,0x00000000d5a80000)
  to   space 512K, 0% used [0x00000000d5a80000,0x00000000d5a80000,0x00000000d5b00000)
 ParOldGen       total 848384K, used 848280K [0x0000000080000000, 0x00000000b3c80000, 0x00000000d5580000)
  object space 848384K, 99% used [0x0000000080000000,0x00000000b3c66250,0x00000000b3c80000)
 Metaspace       used 83013K, committed 84480K, reserved 1179648K
  class space    used 8301K, committed 8960K, reserved 1048576K
}
Event: 10295.635 GC heap after
{Heap after GC invocations=3163 (full 5):
 PSYoungGen      total 3584K, used 512K [0x00000000d5580000, 0x00000000d5b80000, 0x0000000100000000)
  eden space 3072K, 0% used [0x00000000d5580000,0x00000000d5580000,0x00000000d5880000)
  from space 512K, 100% used [0x00000000d5a80000,0x00000000d5b00000,0x00000000d5b00000)
  to   space 1536K, 0% used [0x00000000d5880000,0x00000000d5880000,0x00000000d5a00000)
 ParOldGen       total 848896K, used 848781K [0x0000000080000000, 0x00000000b3d00000, 0x00000000d5580000)
  object space 848896K, 99% used [0x0000000080000000,0x00000000b3ce37b8,0x00000000b3d00000)
 Metaspace       used 83013K, committed 84480K, reserved 1179648K
  class space    used 8301K, committed 8960K, reserved 1048576K
}
Event: 10295.847 GC heap before
{Heap before GC invocations=3164 (full 5):
 PSYoungGen      total 3584K, used 3583K [0x00000000d5580000, 0x00000000d5b80000, 0x0000000100000000)
  eden space 3072K, 99% used [0x00000000d5580000,0x00000000d587ffe8,0x00000000d5880000)
  from space 512K, 100% used [0x00000000d5a80000,0x00000000d5b00000,0x00000000d5b00000)
  to   space 1536K, 0% used [0x00000000d5880000,0x00000000d5880000,0x00000000d5a00000)
 ParOldGen       total 848896K, used 848781K [0x0000000080000000, 0x00000000b3d00000, 0x00000000d5580000)
  object space 848896K, 99% used [0x0000000080000000,0x00000000b3ce37b8,0x00000000b3d00000)
 Metaspace       used 83198K, committed 84672K, reserved 1179648K
  class space    used 8322K, committed 9024K, reserved 1048576K
}
Event: 10295.850 GC heap after
{Heap after GC invocations=3164 (full 5):
 PSYoungGen      total 4608K, used 564K [0x00000000d5580000, 0x00000000d5b00000, 0x0000000100000000)
  eden space 3072K, 0% used [0x00000000d5580000,0x00000000d5580000,0x00000000d5880000)
  from space 1536K, 36% used [0x00000000d5880000,0x00000000d590d200,0x00000000d5a00000)
  to   space 1024K, 0% used [0x00000000d5a00000,0x00000000d5a00000,0x00000000d5b00000)
 ParOldGen       total 849408K, used 849153K [0x0000000080000000, 0x00000000b3d80000, 0x00000000d5580000)
  object space 849408K, 99% used [0x0000000080000000,0x00000000b3d407e8,0x00000000b3d80000)
 Metaspace       used 83198K, committed 84672K, reserved 1179648K
  class space    used 8322K, committed 9024K, reserved 1048576K
}
Event: 10296.009 GC heap before
{Heap before GC invocations=3165 (full 5):
 PSYoungGen      total 4608K, used 3636K [0x00000000d5580000, 0x00000000d5b00000, 0x0000000100000000)
  eden space 3072K, 100% used [0x00000000d5580000,0x00000000d5880000,0x00000000d5880000)
  from space 1536K, 36% used [0x00000000d5880000,0x00000000d590d200,0x00000000d5a00000)
  to   space 1024K, 0% used [0x00000000d5a00000,0x00000000d5a00000,0x00000000d5b00000)
 ParOldGen       total 849408K, used 849153K [0x0000000080000000, 0x00000000b3d80000, 0x00000000d5580000)
  object space 849408K, 99% used [0x0000000080000000,0x00000000b3d407e8,0x00000000b3d80000)
 Metaspace       used 83221K, committed 84736K, reserved 1179648K
  class space    used 8326K, committed 9024K, reserved 1048576K
}
Event: 10296.013 GC heap after
{Heap after GC invocations=3165 (full 5):
 PSYoungGen      total 3584K, used 340K [0x00000000d5580000, 0x00000000d5a80000, 0x0000000100000000)
  eden space 3072K, 0% used [0x00000000d5580000,0x00000000d5580000,0x00000000d5880000)
  from space 512K, 66% used [0x00000000d5a00000,0x00000000d5a55200,0x00000000d5a80000)
  to   space 512K, 0% used [0x00000000d5980000,0x00000000d5980000,0x00000000d5a00000)
 ParOldGen       total 849408K, used 849225K [0x0000000080000000, 0x00000000b3d80000, 0x00000000d5580000)
  object space 849408K, 99% used [0x0000000080000000,0x00000000b3d527e8,0x00000000b3d80000)
 Metaspace       used 83221K, committed 84736K, reserved 1179648K
  class space    used 8326K, committed 9024K, reserved 1048576K
}
Event: 10296.056 GC heap before
{Heap before GC invocations=3166 (full 5):
 PSYoungGen      total 3584K, used 3077K [0x00000000d5580000, 0x00000000d5a80000, 0x0000000100000000)
  eden space 3072K, 89% used [0x00000000d5580000,0x00000000d582c4e0,0x00000000d5880000)
  from space 512K, 66% used [0x00000000d5a00000,0x00000000d5a55200,0x00000000d5a80000)
  to   space 512K, 0% used [0x00000000d5980000,0x00000000d5980000,0x00000000d5a00000)
 ParOldGen       total 849408K, used 849225K [0x0000000080000000, 0x00000000b3d80000, 0x00000000d5580000)
  object space 849408K, 99% used [0x0000000080000000,0x00000000b3d527e8,0x00000000b3d80000)
 Metaspace       used 83231K, committed 84736K, reserved 1179648K
  class space    used 8327K, committed 9024K, reserved 1048576K
}
Event: 10296.059 GC heap after
{Heap after GC invocations=3166 (full 5):
 PSYoungGen      total 3584K, used 314K [0x00000000d5580000, 0x00000000d5a80000, 0x0000000100000000)
  eden space 3072K, 0% used [0x00000000d5580000,0x00000000d5580000,0x00000000d5880000)
  from space 512K, 61% used [0x00000000d5980000,0x00000000d59ce900,0x00000000d5a00000)
  to   space 512K, 0% used [0x00000000d5a00000,0x00000000d5a00000,0x00000000d5a80000)
 ParOldGen       total 849408K, used 849329K [0x0000000080000000, 0x00000000b3d80000, 0x00000000d5580000)
  object space 849408K, 99% used [0x0000000080000000,0x00000000b3d6c7e8,0x00000000b3d80000)
 Metaspace       used 83231K, committed 84736K, reserved 1179648K
  class space    used 8327K, committed 9024K, reserved 1048576K
}
Event: 10296.087 GC heap before
{Heap before GC invocations=3167 (full 5):
 PSYoungGen      total 3584K, used 3373K [0x00000000d5580000, 0x00000000d5a80000, 0x0000000100000000)
  eden space 3072K, 99% used [0x00000000d5580000,0x00000000d587cd20,0x00000000d5880000)
  from space 512K, 61% used [0x00000000d5980000,0x00000000d59ce900,0x00000000d5a00000)
  to   space 512K, 0% used [0x00000000d5a00000,0x00000000d5a00000,0x00000000d5a80000)
 ParOldGen       total 849408K, used 849329K [0x0000000080000000, 0x00000000b3d80000, 0x00000000d5580000)
  object space 849408K, 99% used [0x0000000080000000,0x00000000b3d6c7e8,0x00000000b3d80000)
 Metaspace       used 83231K, committed 84736K, reserved 1179648K
  class space    used 8327K, committed 9024K, reserved 1048576K
}
Event: 10296.089 GC heap after
{Heap after GC invocations=3167 (full 5):
 PSYoungGen      total 3584K, used 413K [0x00000000d5580000, 0x00000000d5a80000, 0x0000000100000000)
  eden space 3072K, 0% used [0x00000000d5580000,0x00000000d5580000,0x00000000d5880000)
  from space 512K, 80% used [0x00000000d5a00000,0x00000000d5a67608,0x00000000d5a80000)
  to   space 512K, 0% used [0x00000000d5980000,0x00000000d5980000,0x00000000d5a00000)
 ParOldGen       total 849920K, used 849478K [0x0000000080000000, 0x00000000b3e00000, 0x00000000d5580000)
  object space 849920K, 99% used [0x0000000080000000,0x00000000b3d919e8,0x00000000b3e00000)
 Metaspace       used 83231K, committed 84736K, reserved 1179648K
  class space    used 8327K, committed 9024K, reserved 1048576K
}
Event: 10296.157 GC heap before
{Heap before GC invocations=3168 (full 5):
 PSYoungGen      total 3584K, used 3485K [0x00000000d5580000, 0x00000000d5a80000, 0x0000000100000000)
  eden space 3072K, 100% used [0x00000000d5580000,0x00000000d5880000,0x00000000d5880000)
  from space 512K, 80% used [0x00000000d5a00000,0x00000000d5a67608,0x00000000d5a80000)
  to   space 512K, 0% used [0x00000000d5980000,0x00000000d5980000,0x00000000d5a00000)
 ParOldGen       total 849920K, used 849478K [0x0000000080000000, 0x00000000b3e00000, 0x00000000d5580000)
  object space 849920K, 99% used [0x0000000080000000,0x00000000b3d919e8,0x00000000b3e00000)
 Metaspace       used 83231K, committed 84736K, reserved 1179648K
  class space    used 8327K, committed 9024K, reserved 1048576K
}
Event: 10296.160 GC heap after
{Heap after GC invocations=3168 (full 5):
 PSYoungGen      total 3584K, used 256K [0x00000000d5580000, 0x00000000d5a80000, 0x0000000100000000)
  eden space 3072K, 0% used [0x00000000d5580000,0x00000000d5580000,0x00000000d5880000)
  from space 512K, 50% used [0x00000000d5980000,0x00000000d59c0000,0x00000000d5a00000)
  to   space 512K, 0% used [0x00000000d5a00000,0x00000000d5a00000,0x00000000d5a80000)
 ParOldGen       total 849920K, used 849526K [0x0000000080000000, 0x00000000b3e00000, 0x00000000d5580000)
  object space 849920K, 99% used [0x0000000080000000,0x00000000b3d9d9e8,0x00000000b3e00000)
 Metaspace       used 83231K, committed 84736K, reserved 1179648K
  class space    used 8327K, committed 9024K, reserved 1048576K
}

